Build started 12/12/2015 2:58:47 AM.
     1>Project "C:\Users\Karim\Documents\DarkNight\DarkNight.vcxproj" on node 2 (build target(s)).
       Project file contains ToolsVersion="14.0". This toolset may be unknown or missing, in which case you may be able to resolve this by installing the appropriate version of MSBuild, or the build may have been forced to a particular ToolsVersion for policy reasons. Treating the project as if it had ToolsVersion="4.0". For more information, please see http://go.microsoft.com/fwlink/?LinkId=291333.
     1>InitializeBuildStatus:
         Touching "Debug\DarkNight.unsuccessfulbuild".
       ClCompile:
         C:\Program Files (x86)\Microsoft Visual Studio 10.0\VC\bin\CL.exe /c /IC:\Users\Karim\Documents\DarkNight\Debug\\.. /ZI /nologo /W3 /WX- /Od /Oy- /D WIN32 /D _DEBUG /D _CONSOLE /D _UNICODE /D UNICODE /Gm /EHsc /RTC1 /MDd /GS /fp:precise /Zc:wchar_t /Zc:forScope /Fo"Debug\\" /Fd"Debug\vc100.pdb" /Gd /TP /analyze- /errorReport:prompt Camera.cpp DarkNight.cpp
         DarkNight.cpp
     1>c:\users\karim\documents\darknight\camera.h(2): warning C4067: unexpected tokens following preprocessor directive - expected a newline
     1>c:\users\karim\documents\darknight\darknight.cpp(324): error C2440: '=' : cannot convert from 'int' to 'float [1000]'
                 There are no conversions to array types, although there are conversions to references or pointers to arrays
     1>c:\users\karim\documents\darknight\darknight.cpp(325): error C2440: '=' : cannot convert from 'int' to 'float [1000]'
                 There are no conversions to array types, although there are conversions to references or pointers to arrays
     1>c:\users\karim\documents\darknight\darknight.cpp(326): error C2440: '=' : cannot convert from 'int' to 'float [1000]'
                 There are no conversions to array types, although there are conversions to references or pointers to arrays
     1>c:\users\karim\documents\darknight\darknight.cpp(327): error C2039: 'forward' : is not a member of 'Camera'
                 c:\users\karim\documents\darknight\camera.h(10) : see declaration of 'Camera'
         Camera.cpp
     1>c:\users\karim\documents\darknight\camera.h(2): warning C4067: unexpected tokens following preprocessor directive - expected a newline
         Generating Code...
     1>Done Building Project "C:\Users\Karim\Documents\DarkNight\DarkNight.vcxproj" (build target(s)) -- FAILED.

Build FAILED.

Time Elapsed 00:00:00.53
